
> kho-frontend-mvc@1.0.0 dev
> vite


  [32m[1mVITE[22m v5.4.21[39m  [2mready in [0m[1m981[22m[2m[0m ms[22m

  [32m➜[39m  [1mLocal[22m:   [36mhttp://localhost:[1m5173[22m/[39m
  [32m➜[39m  [1mNetwork[22m: [36mhttp://192.168.1.102:[1m5173[22m/[39m
[2m12:02:43 AM[22m [36m[1m[vite][22m[39m [32mhmr update [39m[2m/src/views/WarehouseStructurePage.jsx, /src/index.css[22m
[2m12:02:43 AM[22m [36m[1m[vite][22m[39m [32mhmr update [39m[2m/src/views/WarehouseStructurePage.jsx, /src/index.css[22m
[2m12:02:50 AM[22m [36m[1m[vite][22m[39m [32mhmr update [39m[2m/src/views/WarehouseStructurePage.jsx, /src/index.css[22m
[2m12:03:02 AM[22m [36m[1m[vite][22m[39m [32mhmr update [39m[2m/src/views/WarehouseStructurePage.jsx, /src/index.css[22m
[2m12:03:12 AM[22m [36m[1m[vite][22m[39m [32mhmr update [39m[2m/src/views/WarehouseStructurePage.jsx, /src/index.css[22m
[2m12:23:56 AM[22m [36m[1m[vite][22m[39m [32mhmr update [39m[2m/src/views/ReceiptsPage.jsx, /src/index.css[22m
[2m12:23:57 AM[22m [36m[1m[vite][22m[39m [32mhmr update [39m[2m/src/views/DeliveriesPage.jsx, /src/index.css[22m
[2m12:23:59 AM[22m [36m[1m[vite][22m[39m [32mhmr update [39m[2m/src/views/DeliveryRequestsPage.jsx, /src/index.css[22m
[2m12:24:00 AM[22m [36m[1m[vite][22m[39m [32mhmr update [39m[2m/src/views/StocktakesPage.jsx, /src/index.css[22m
[2m12:24:01 AM[22m [36m[1m[vite][22m[39m [32mhmr update [39m[2m/src/views/IncidentsPage.jsx, /src/index.css[22m
[2m12:24:03 AM[22m [36m[1m[vite][22m[39m [32mhmr update [39m[2m/src/views/AdjustmentsPage.jsx, /src/index.css[22m
[2m12:24:07 AM[22m [36m[1m[vite][22m[39m [32mhmr update [39m[2m/src/views/ReceiptsPage.jsx, /src/index.css[22m
[2m12:24:09 AM[22m [36m[1m[vite][22m[39m [32mhmr update [39m[2m/src/views/DeliveriesPage.jsx, /src/index.css[22m
[2m12:24:10 AM[22m [36m[1m[vite][22m[39m [32mhmr update [39m[2m/src/views/DeliveryRequestsPage.jsx, /src/index.css[22m
[2m12:24:13 AM[22m [36m[1m[vite][22m[39m [32mhmr update [39m[2m/src/views/StocktakesPage.jsx, /src/index.css[22m
[2m12:24:14 AM[22m [36m[1m[vite][22m[39m [32mhmr update [39m[2m/src/views/IncidentsPage.jsx, /src/index.css[22m
[2m12:24:15 AM[22m [36m[1m[vite][22m[39m [32mhmr update [39m[2m/src/views/AdjustmentsPage.jsx, /src/index.css[22m
[2m12:24:26 AM[22m [36m[1m[vite][22m[39m [32mhmr update [39m[2m/src/views/ReceiptsPage.jsx, /src/index.css[22m
[2m12:24:28 AM[22m [36m[1m[vite][22m[39m [32mhmr update [39m[2m/src/views/DeliveriesPage.jsx, /src/index.css[22m
[2m12:24:30 AM[22m [36m[1m[vite][22m[39m [32mhmr update [39m[2m/src/views/DeliveryRequestsPage.jsx, /src/index.css[22m
[2m12:24:43 AM[22m [36m[1m[vite][22m[39m [32mhmr update [39m[2m/src/views/StocktakesPage.jsx, /src/index.css[22m
[2m12:24:46 AM[22m [36m[1m[vite][22m[39m [32mhmr update [39m[2m/src/views/IncidentsPage.jsx, /src/index.css[22m
[2m12:24:49 AM[22m [36m[1m[vite][22m[39m [32mhmr update [39m[2m/src/views/AdjustmentsPage.jsx, /src/index.css[22m
[2m12:25:09 AM[22m [36m[1m[vite][22m[39m [32mhmr update [39m[2m/src/views/ReceiptsPage.jsx, /src/index.css[22m
[2m12:25:14 AM[22m [36m[1m[vite][22m[39m [32mhmr update [39m[2m/src/views/DeliveriesPage.jsx, /src/index.css[22m
[2m12:25:18 AM[22m [36m[1m[vite][22m[39m [32mhmr update [39m[2m/src/views/DeliveryRequestsPage.jsx, /src/index.css[22m
[2m12:25:22 AM[22m [36m[1m[vite][22m[39m [32mhmr update [39m[2m/src/views/StocktakesPage.jsx, /src/index.css[22m
[2m12:25:27 AM[22m [36m[1m[vite][22m[39m [32mhmr update [39m[2m/src/views/IncidentsPage.jsx, /src/index.css[22m
[2m12:25:31 AM[22m [36m[1m[vite][22m[39m [32mhmr update [39m[2m/src/views/AdjustmentsPage.jsx, /src/index.css[22m
[2m12:26:09 AM[22m [36m[1m[vite][22m[39m [32mhmr update [39m[2m/src/views/ReceiptsPage.jsx, /src/index.css[22m
[2m12:26:15 AM[22m [36m[1m[vite][22m[39m [32mhmr update [39m[2m/src/views/ReceiptsPage.jsx, /src/index.css[22m
[2m12:26:17 AM[22m [36m[1m[vite][22m[39m [32mhmr update [39m[2m/src/views/ReceiptsPage.jsx, /src/index.css[22m
[2m12:26:47 AM[22m [36m[1m[vite][22m[39m [32mhmr update [39m[2m/src/views/DeliveriesPage.jsx, /src/index.css[22m
[2m12:28:57 AM[22m [36m[1m[vite][22m[39m [32mhmr update [39m[2m/src/views/DeliveriesPage.jsx, /src/index.css[22m
[2m12:31:02 AM[22m [36m[1m[vite][22m[39m [32mhmr update [39m[2m/src/views/DeliveryRequestsPage.jsx, /src/index.css[22m
[2m12:31:21 AM[22m [36m[1m[vite][22m[39m [32mhmr update [39m[2m/src/views/StocktakesPage.jsx, /src/index.css[22m
[2m12:31:44 AM[22m [36m[1m[vite][22m[39m [32mhmr update [39m[2m/src/views/IncidentsPage.jsx, /src/index.css[22m
[2m12:32:02 AM[22m [36m[1m[vite][22m[39m [32mhmr update [39m[2m/src/views/AdjustmentsPage.jsx, /src/index.css[22m
[2m12:32:23 AM[22m [36m[1m[vite][22m[39m [32mhmr update [39m[2m/src/views/AdjustmentsPage.jsx, /src/index.css[22m
[2m12:39:00 AM[22m [36m[1m[vite][22m[39m [32mhmr update [39m[2m/src/views/InventoryPage.jsx, /src/index.css[22m
[2m12:39:39 AM[22m [36m[1m[vite][22m[39m [32mhmr update [39m[2m/src/views/InventoryPage.jsx, /src/index.css[22m
[2m12:39:44 AM[22m [36m[1m[vite][22m[39m [32mhmr update [39m[2m/src/views/InventoryPage.jsx, /src/index.css[22m
[2m12:42:35 AM[22m [36m[1m[vite][22m[39m [32mhmr update [39m[2m/src/views/ReportsPage.jsx, /src/index.css, /src/views/DeliveryRequestsPage.jsx, /src/views/DeliveriesPage.jsx, /src/views/DashboardPage.jsx[22m
[2m12:42:43 AM[22m [36m[1m[vite][22m[39m [32mhmr update [39m[2m/src/views/DeliveryRequestsPage.jsx, /src/index.css[22m
[2m12:42:48 AM[22m [36m[1m[vite][22m[39m [32mhmr update [39m[2m/src/views/DeliveriesPage.jsx, /src/index.css[22m
[2m12:42:59 AM[22m [36m[1m[vite][22m[39m [32mhmr update [39m[2m/src/views/DeliveriesPage.jsx, /src/index.css[22m
[2m12:43:03 AM[22m [36m[1m[vite][22m[39m [32mhmr update [39m[2m/src/views/DeliveriesPage.jsx, /src/index.css[22m
[2m12:43:14 AM[22m [36m[1m[vite][22m[39m [32mhmr update [39m[2m/src/views/DeliveriesPage.jsx, /src/index.css[22m
[2m12:43:19 AM[22m [36m[1m[vite][22m[39m [32mhmr update [39m[2m/src/views/DeliveriesPage.jsx, /src/index.css[22m
[2m12:43:24 AM[22m [36m[1m[vite][22m[39m [32mhmr update [39m[2m/src/views/DeliveriesPage.jsx, /src/index.css[22m
[2m12:43:59 AM[22m [36m[1m[vite][22m[39m [32mhmr update [39m[2m/src/views/DeliveriesPage.jsx, /src/index.css[22m
[2m12:44:11 AM[22m [36m[1m[vite][22m[39m [32mhmr update [39m[2m/src/views/DeliveriesPage.jsx, /src/index.css[22m
[2m12:59:13 AM[22m [36m[1m[vite][22m[39m [32mhmr update [39m[2m/src/views/ReceiptsPage.jsx, /src/index.css[22m
[2m12:59:14 AM[22m [36m[1m[vite][22m[39m [32mhmr update [39m[2m/src/views/DeliveriesPage.jsx, /src/index.css[22m
[2m12:59:15 AM[22m [36m[1m[vite][22m[39m [32mhmr update [39m[2m/src/views/DeliveryRequestsPage.jsx, /src/index.css[22m
[2m12:59:17 AM[22m [36m[1m[vite][22m[39m [32mhmr update [39m[2m/src/views/StocktakesPage.jsx, /src/index.css[22m
[2m12:59:18 AM[22m [36m[1m[vite][22m[39m [32mhmr update [39m[2m/src/views/AdjustmentsPage.jsx, /src/index.css[22m
[2m12:59:30 AM[22m [36m[1m[vite][22m[39m [32mhmr update [39m[2m/src/views/ReceiptsPage.jsx, /src/index.css[22m
[2m12:59:36 AM[22m [36m[1m[vite][22m[39m [32mhmr update [39m[2m/src/views/DeliveriesPage.jsx, /src/index.css[22m
[2m12:59:43 AM[22m [36m[1m[vite][22m[39m [32mhmr update [39m[2m/src/views/DeliveryRequestsPage.jsx, /src/index.css[22m
[2m12:59:49 AM[22m [36m[1m[vite][22m[39m [32mhmr update [39m[2m/src/views/StocktakesPage.jsx, /src/index.css[22m
[2m12:59:55 AM[22m [36m[1m[vite][22m[39m [32mhmr update [39m[2m/src/views/AdjustmentsPage.jsx, /src/index.css[22m
[2m1:03:13 AM[22m [36m[1m[vite][22m[39m [32mhmr update [39m[2m/src/views/ReceiptsPage.jsx, /src/index.css[22m
[2m1:03:19 AM[22m [36m[1m[vite][22m[39m [32mhmr update [39m[2m/src/index.css, /src/views/StocktakesPage.jsx, /src/views/DashboardPage.jsx[22m
[2m1:03:25 AM[22m [36m[1m[vite][22m[39m [32mhmr update [39m[2m/src/views/DeliveriesPage.jsx, /src/index.css[22m
[2m1:03:36 AM[22m [36m[1m[vite][22m[39m [32mhmr update [39m[2m/src/views/DeliveryRequestsPage.jsx, /src/index.css[22m
[2m1:03:47 AM[22m [36m[1m[vite][22m[39m [32mhmr update [39m[2m/src/views/StocktakesPage.jsx, /src/index.css[22m
[2m1:04:01 AM[22m [36m[1m[vite][22m[39m [32mhmr update [39m[2m/src/views/AdjustmentsPage.jsx, /src/index.css[22m
[2m1:04:45 AM[22m [36m[1m[vite][22m[39m [32mhmr update [39m[2m/src/views/ProductsPage.jsx, /src/index.css[22m
[2m1:04:49 AM[22m [36m[1m[vite][22m[39m [32mhmr update [39m[2m/src/views/ProductsPage.jsx, /src/index.css[22m
[2m1:04:53 AM[22m [36m[1m[vite][22m[39m [32mhmr update [39m[2m/src/views/ProductsPage.jsx, /src/index.css[22m
[2m1:05:02 AM[22m [36m[1m[vite][22m[39m [32mhmr update [39m[2m/src/views/ProductsPage.jsx, /src/index.css[22m
[2m1:05:09 AM[22m [36m[1m[vite][22m[39m [32mhmr update [39m[2m/src/views/ProductsPage.jsx, /src/index.css[22m
[2m1:05:28 AM[22m [36m[1m[vite][22m[39m [32mhmr update [39m[2m/src/views/StocktakesPage.jsx, /src/index.css[22m
[2m1:05:50 AM[22m [36m[1m[vite][22m[39m [32mhmr update [39m[2m/src/views/StocktakesPage.jsx, /src/index.css[22m
[2m1:05:57 AM[22m [36m[1m[vite][22m[39m [32mhmr update [39m[2m/src/views/StocktakesPage.jsx, /src/index.css[22m
[2m1:06:11 AM[22m [36m[1m[vite][22m[39m [32mhmr update [39m[2m/src/views/StocktakesPage.jsx, /src/index.css[22m
[2m1:06:20 AM[22m [36m[1m[vite][22m[39m [32mhmr update [39m[2m/src/views/StocktakesPage.jsx, /src/index.css[22m
[2m1:06:26 AM[22m [36m[1m[vite][22m[39m [32mhmr update [39m[2m/src/views/StocktakesPage.jsx, /src/index.css[22m
[2m1:06:31 AM[22m [36m[1m[vite][22m[39m [32mhmr update [39m[2m/src/views/StocktakesPage.jsx, /src/index.css[22m
[2m1:06:59 AM[22m [36m[1m[vite][22m[39m [32mhmr update [39m[2m/src/views/StocktakesPage.jsx, /src/index.css[22m
[2m1:07:09 AM[22m [36m[1m[vite][22m[39m [32mhmr update [39m[2m/src/views/StocktakesPage.jsx, /src/index.css[22m
[2m1:07:15 AM[22m [36m[1m[vite][22m[39m [32mhmr update [39m[2m/src/main.jsx, /src/index.css[22m
[2m1:07:15 AM[22m [36m[1m[vite][22m[39m [33mhmr invalidate [39m[2m/src/main.jsx[22m Could not Fast Refresh ("true" export is incompatible). Learn more at https://github.com/vitejs/vite-plugin-react/tree/main/packages/plugin-react#consistent-components-exports
[2m1:07:15 AM[22m [36m[1m[vite][22m[39m [32mhmr update [39m[2m/src/index.css[22m
[2m1:07:20 AM[22m [36m[1m[vite][22m[39m [32mhmr update [39m[2m/src/main.jsx, /src/index.css[22m
[2m1:07:20 AM[22m [36m[1m[vite][22m[39m [33mhmr invalidate [39m[2m/src/main.jsx[22m Could not Fast Refresh ("true" export is incompatible). Learn more at https://github.com/vitejs/vite-plugin-react/tree/main/packages/plugin-react#consistent-components-exports
[2m1:07:20 AM[22m [36m[1m[vite][22m[39m [32mhmr update [39m[2m/src/index.css[22m
[2m1:07:26 AM[22m [36m[1m[vite][22m[39m [32mhmr update [39m[2m/src/views/DashboardLayout.jsx, /src/index.css[22m
[2m1:39:27 AM[22m [36m[1m[vite][22m[39m [32mhmr update [39m[2m/src/views/UserManagementPage.jsx, /src/index.css[22m
[2m1:39:32 AM[22m [36m[1m[vite][22m[39m [32mhmr update [39m[2m/src/views/UserManagementPage.jsx, /src/index.css[22m
[2m1:39:42 AM[22m [36m[1m[vite][22m[39m [32mhmr update [39m[2m/src/views/UserManagementPage.jsx, /src/index.css[22m
[2m1:40:05 AM[22m [36m[1m[vite][22m[39m [32mhmr update [39m[2m/src/views/UserManagementPage.jsx, /src/index.css[22m
[2m1:50:50 AM[22m [36m[1m[vite][22m[39m [32mhmr update [39m[2m/src/views/UserManagementPage.jsx, /src/index.css[22m
[2m2:27:10 AM[22m [36m[1m[vite][22m[39m [32mhmr update [39m[2m/src/main.jsx, /src/index.css[22m
[2m2:27:10 AM[22m [36m[1m[vite][22m[39m [32mhmr update [39m[2m/src/views/DashboardLayout.jsx, /src/index.css[22m
[2m2:27:11 AM[22m [36m[1m[vite][22m[39m [33mhmr invalidate [39m[2m/src/main.jsx[22m Could not Fast Refresh ("true" export is incompatible). Learn more at https://github.com/vitejs/vite-plugin-react/tree/main/packages/plugin-react#consistent-components-exports
[2m2:27:11 AM[22m [36m[1m[vite][22m[39m [32mhmr update [39m[2m/src/index.css[22m
[2m2:58:31 AM[22m [36m[1m[vite][22m[39m [32mhmr update [39m[2m/src/views/DeliveriesPage.jsx, /src/index.css[22m
[2m2:58:31 AM[22m [36m[1m[vite][22m[39m [32mhmr update [39m[2m/src/views/ReceiptsPage.jsx, /src/index.css[22m
[2m2:58:31 AM[22m [36m[1m[vite][22m[39m [32mhmr update [39m[2m/src/views/StocktakeMinutesPage.jsx, /src/index.css[22m
[2m2:58:31 AM[22m [36m[1m[vite][22m[39m [32mhmr update [39m[2m/src/views/StocktakeReportsPage.jsx, /src/index.css[22m
[2m2:58:31 AM[22m [36m[1m[vite][22m[39m [32mhmr update [39m[2m/src/views/StocktakesPage.jsx, /src/index.css[22m
[2m2:58:31 AM[22m [36m[1m[vite][22m[39m [32mhmr update [39m[2m/src/views/AdjustmentsPage.jsx, /src/index.css[22m
[2m2:58:31 AM[22m [36m[1m[vite][22m[39m [32mhmr update [39m[2m/src/views/IncidentsPage.jsx, /src/index.css[22m
[2m3:59:20 AM[22m [36m[1m[vite][22m[39m [32mhmr update [39m[2m/src/views/DeliveryRequestsPage.jsx, /src/index.css[22m
[2m3:59:24 AM[22m [36m[1m[vite][22m[39m [32mhmr update [39m[2m/src/views/DeliveryRequestsPage.jsx, /src/index.css[22m
[2m3:59:28 AM[22m [36m[1m[vite][22m[39m [32mhmr update [39m[2m/src/views/DeliveryRequestsPage.jsx, /src/index.css[22m
[2m3:59:32 AM[22m [36m[1m[vite][22m[39m [32mhmr update [39m[2m/src/views/DeliveryRequestsPage.jsx, /src/index.css[22m
[2m3:59:37 AM[22m [36m[1m[vite][22m[39m [32mhmr update [39m[2m/src/views/DeliveryRequestsPage.jsx, /src/index.css[22m
[2m3:59:44 AM[22m [36m[1m[vite][22m[39m [32mhmr update [39m[2m/src/views/DeliveryRequestsPage.jsx, /src/index.css[22m
[2m3:59:51 AM[22m [36m[1m[vite][22m[39m [32mhmr update [39m[2m/src/views/DeliveryRequestsPage.jsx, /src/index.css[22m
[2m3:59:58 AM[22m [36m[1m[vite][22m[39m [32mhmr update [39m[2m/src/views/DeliveryRequestsPage.jsx, /src/index.css[22m
[2m4:00:04 AM[22m [36m[1m[vite][22m[39m [32mhmr update [39m[2m/src/views/DeliveriesPage.jsx, /src/index.css[22m
[2m4:00:07 AM[22m [36m[1m[vite][22m[39m [32mhmr update [39m[2m/src/views/DeliveriesPage.jsx, /src/index.css[22m
[2m4:00:18 AM[22m [36m[1m[vite][22m[39m [32mhmr update [39m[2m/src/views/DeliveriesPage.jsx, /src/index.css[22m
[2m4:00:25 AM[22m [36m[1m[vite][22m[39m [32mhmr update [39m[2m/src/views/DeliveriesPage.jsx, /src/index.css[22m
[2m4:00:32 AM[22m [36m[1m[vite][22m[39m [32mhmr update [39m[2m/src/views/DeliveriesPage.jsx, /src/index.css[22m
[2m4:00:41 AM[22m [36m[1m[vite][22m[39m [32mhmr update [39m[2m/src/views/DeliveriesPage.jsx, /src/index.css[22m
[2m4:24:20 AM[22m [36m[1m[vite][22m[39m [32mhmr update [39m[2m/src/views/ReceiptsPage.jsx, /src/index.css[22m
[2m4:24:27 AM[22m [36m[1m[vite][22m[39m [32mhmr update [39m[2m/src/views/ReceiptsPage.jsx, /src/index.css[22m
[2m4:24:33 AM[22m [36m[1m[vite][22m[39m [32mhmr update [39m[2m/src/views/DeliveriesPage.jsx, /src/index.css[22m
[2m4:24:38 AM[22m [36m[1m[vite][22m[39m [32mhmr update [39m[2m/src/views/DeliveriesPage.jsx, /src/index.css[22m
[2m4:24:52 AM[22m [36m[1m[vite][22m[39m [32mhmr update [39m[2m/src/views/StocktakesPage.jsx, /src/index.css[22m
[2m4:25:03 AM[22m [36m[1m[vite][22m[39m [32mhmr update [39m[2m/src/views/StocktakesPage.jsx, /src/index.css[22m
[2m4:25:33 AM[22m [36m[1m[vite][22m[39m [32mhmr update [39m[2m/src/index.css, /src/views/ReceiptsPage.jsx, /src/views/DeliveriesPage.jsx, /src/views/StocktakesPage.jsx[22m
[2m4:25:38 AM[22m [36m[1m[vite][22m[39m [32mhmr update [39m[2m/src/index.css, /src/views/ReceiptsPage.jsx, /src/views/DeliveriesPage.jsx, /src/views/StocktakesPage.jsx[22m
[2m4:25:49 AM[22m [36m[1m[vite][22m[39m [32mhmr update [39m[2m/src/index.css, /src/views/ReceiptsPage.jsx, /src/views/DeliveriesPage.jsx, /src/views/StocktakesPage.jsx[22m
[2m4:25:54 AM[22m [36m[1m[vite][22m[39m [32mhmr update [39m[2m/src/index.css, /src/views/ReceiptsPage.jsx, /src/views/DeliveriesPage.jsx, /src/views/StocktakesPage.jsx[22m
[2m4:25:58 AM[22m [36m[1m[vite][22m[39m [32mhmr update [39m[2m/src/index.css, /src/views/ReceiptsPage.jsx, /src/views/DeliveriesPage.jsx, /src/views/StocktakesPage.jsx[22m
[2m4:26:03 AM[22m [36m[1m[vite][22m[39m [32mhmr update [39m[2m/src/index.css, /src/views/ReceiptsPage.jsx, /src/views/DeliveriesPage.jsx, /src/views/StocktakesPage.jsx[22m
[2m4:32:32 AM[22m [36m[1m[vite][22m[39m [32mhmr update [39m[2m/src/views/ReportsPage.jsx, /src/index.css, /src/views/DeliveryRequestsPage.jsx, /src/views/DeliveriesPage.jsx, /src/views/DashboardPage.jsx[22m
[2m4:32:41 AM[22m [36m[1m[vite][22m[39m [32mhmr update [39m[2m/src/views/DeliveriesPage.jsx, /src/index.css[22m
[2m4:32:46 AM[22m [36m[1m[vite][22m[39m [32mhmr update [39m[2m/src/views/DeliveriesPage.jsx, /src/index.css[22m
[2m4:32:46 AM[22m [36m[1m[vite][22m[39m [32mhmr update [39m[2m/src/views/ReceiptsPage.jsx, /src/index.css[22m
[2m4:32:51 AM[22m [36m[1m[vite][22m[39m [32mhmr update [39m[2m/src/views/DeliveriesPage.jsx, /src/index.css[22m
[2m4:32:56 AM[22m [36m[1m[vite][22m[39m [32mhmr update [39m[2m/src/views/DeliveriesPage.jsx, /src/index.css[22m
[2m4:33:03 AM[22m [36m[1m[vite][22m[39m [32mhmr update [39m[2m/src/views/DeliveriesPage.jsx, /src/index.css[22m
[2m4:33:09 AM[22m [36m[1m[vite][22m[39m [32mhmr update [39m[2m/src/views/DeliveriesPage.jsx, /src/index.css[22m
[2m4:33:14 AM[22m [36m[1m[vite][22m[39m [32mhmr update [39m[2m/src/views/DeliveriesPage.jsx, /src/index.css[22m
[2m4:33:23 AM[22m [36m[1m[vite][22m[39m [32mhmr update [39m[2m/src/views/ReceiptsPage.jsx, /src/index.css[22m
[2m4:33:24 AM[22m [36m[1m[vite][22m[39m [32mhmr update [39m[2m/src/views/DeliveriesPage.jsx, /src/index.css[22m
[2m4:33:29 AM[22m [36m[1m[vite][22m[39m [32mhmr update [39m[2m/src/views/ReceiptsPage.jsx, /src/index.css[22m
[2m4:33:39 AM[22m [36m[1m[vite][22m[39m [32mhmr update [39m[2m/src/views/DeliveriesPage.jsx, /src/index.css[22m
[2m4:33:51 AM[22m [36m[1m[vite][22m[39m [32mhmr update [39m[2m/src/views/DeliveriesPage.jsx, /src/index.css[22m
[2m4:33:57 AM[22m [36m[1m[vite][22m[39m [32mhmr update [39m[2m/src/views/DeliveriesPage.jsx, /src/index.css[22m
[2m4:34:02 AM[22m [36m[1m[vite][22m[39m [32mhmr update [39m[2m/src/views/DeliveriesPage.jsx, /src/index.css[22m
[2m4:34:12 AM[22m [36m[1m[vite][22m[39m [32mhmr update [39m[2m/src/views/DeliveriesPage.jsx, /src/index.css[22m
[2m4:34:21 AM[22m [36m[1m[vite][22m[39m [32mhmr update [39m[2m/src/views/DeliveriesPage.jsx, /src/index.css[22m
[2m4:34:39 AM[22m [36m[1m[vite][22m[39m [32mhmr update [39m[2m/src/views/DeliveriesPage.jsx, /src/index.css[22m
[2m4:34:46 AM[22m [36m[1m[vite][22m[39m [32mhmr update [39m[2m/src/views/DeliveryRequestsPage.jsx, /src/index.css[22m
[2m4:34:50 AM[22m [36m[1m[vite][22m[39m [32mhmr update [39m[2m/src/views/DeliveryRequestsPage.jsx, /src/index.css[22m
[2m4:34:55 AM[22m [36m[1m[vite][22m[39m [32mhmr update [39m[2m/src/views/DeliveryRequestsPage.jsx, /src/index.css[22m
[2m4:35:01 AM[22m [36m[1m[vite][22m[39m [32mhmr update [39m[2m/src/views/DeliveryRequestsPage.jsx, /src/index.css[22m
[2m4:35:11 AM[22m [36m[1m[vite][22m[39m [32mhmr update [39m[2m/src/views/DeliveryRequestsPage.jsx, /src/index.css[22m
[2m4:35:22 AM[22m [36m[1m[vite][22m[39m [32mhmr update [39m[2m/src/views/DeliveryRequestsPage.jsx, /src/index.css[22m
[2m4:35:52 AM[22m [36m[1m[vite][22m[39m [32mhmr update [39m[2m/src/views/ReceiptsPage.jsx, /src/index.css[22m
[2m4:36:07 AM[22m [36m[1m[vite][22m[39m [32mhmr update [39m[2m/src/views/DeliveriesPage.jsx, /src/index.css[22m
[2m4:37:06 AM[22m [36m[1m[vite][22m[39m [32mhmr update [39m[2m/src/views/DeliveriesPage.jsx, /src/index.css[22m
[2m4:37:59 AM[22m [36m[1m[vite][22m[39m [32mhmr update [39m[2m/src/views/DeliveryRequestsPage.jsx, /src/index.css[22m
[2m6:35:33 AM[22m [36m[1m[vite][22m[39m [32mhmr update [39m[2m/src/index.css, /src/views/ReceiptsPage.jsx, /src/views/DeliveriesPage.jsx, /src/views/StocktakesPage.jsx[22m
[2m6:35:33 AM[22m [31m[1m[vite][22m[39m Pre-transform error: Failed to parse source for import analysis because the content contains invalid JS syntax. If you are using JSX, make sure to name the file with the .jsx or .tsx extension.
[2m6:35:33 AM[22m [31m[1m[vite][22m[39m Pre-transform error: Failed to parse source for import analysis because the content contains invalid JS syntax. If you are using JSX, make sure to name the file with the .jsx or .tsx extension.
[2m6:35:33 AM[22m [31m[1m[vite][22m[39m [31mInternal server error: Failed to parse source for import analysis because the content contains invalid JS syntax. If you are using JSX, make sure to name the file with the .jsx or .tsx extension.[39m
  Plugin: [35mvite:import-analysis[39m
  File: [36mD:/TTCN_Hang/kho/frontend/src/utils/printDocument.js[39m:77:71
[33m  76 |    w.document.close();
  77 |    w.addEventListener('load', () => setTimeout(() => w.print(), 350));
  78 |  };
     |  ^
  79 |  [39m
      at TransformPluginContext._formatError (file:///D:/TTCN_Hang/kho/frontend/node_modules/vite/dist/node/chunks/dep-BK3b2jBa.js:49258:41)
      at TransformPluginContext.error (file:///D:/TTCN_Hang/kho/frontend/node_modules/vite/dist/node/chunks/dep-BK3b2jBa.js:49253:16)
      at TransformPluginContext.transform (file:///D:/TTCN_Hang/kho/frontend/node_modules/vite/dist/node/chunks/dep-BK3b2jBa.js:64259:14)
      at async PluginContainer.transform (file:///D:/TTCN_Hang/kho/frontend/node_modules/vite/dist/node/chunks/dep-BK3b2jBa.js:49099:18)
      at async loadAndTransform (file:///D:/TTCN_Hang/kho/frontend/node_modules/vite/dist/node/chunks/dep-BK3b2jBa.js:51978:27)
[2m6:35:33 AM[22m [31m[1m[vite][22m[39m Pre-transform error: Failed to parse source for import analysis because the content contains invalid JS syntax. If you are using JSX, make sure to name the file with the .jsx or .tsx extension.
[2m6:36:05 AM[22m [36m[1m[vite][22m[39m [32mhmr update [39m[2m/src/index.css, /src/views/ReceiptsPage.jsx, /src/views/DeliveriesPage.jsx, /src/views/StocktakesPage.jsx[22m
[2m7:11:54 AM[22m [36m[1m[vite][22m[39m [32mhmr update [39m[2m/src/views/DashboardLayout.jsx, /src/index.css[22m
[2m7:11:57 AM[22m [36m[1m[vite][22m[39m [32mhmr update [39m[2m/src/views/DashboardPage.jsx, /src/index.css[22m
[2m7:12:01 AM[22m [36m[1m[vite][22m[39m [32mhmr update [39m[2m/src/views/LoginPage.jsx, /src/index.css[22m
[2m7:12:04 AM[22m [36m[1m[vite][22m[39m [32mhmr update [39m[2m/src/views/ForgotPasswordPage.jsx, /src/index.css[22m
[2m7:12:07 AM[22m [36m[1m[vite][22m[39m [32mhmr update [39m[2m/src/views/ResetPasswordPage.jsx, /src/index.css[22m
